\id kamclstr.out

\cm PERCENTAGES MATRIX

   c CINDA
    90   r REGI
    95    91   k KUKI
    64    64    66   s SHAMA
    50    50    52    69   h HUNGWORO
    49    47    49    52    44   i RANDEGGI
    50    49    50    52    42    83   o BOBI
    16    16    16    17    18    19    18   u KUMBASHI
    17    16    16    17    18    20    18   a KAKIHUM
    16    15    16    16    18    18    15   e KARISEN


   u KUMBASHI
    95   a KAKIHUM
    89    89   e KARISEN




\cm VARIANCE MATRIX

   c CINDA
   2.5   r REGI
   2.0   2.7   k KUKI
   4.9   4.9   5.2   s SHAMA
   7.2   7.2   7.7   5.7   h HUNGWORO
   6.7   6.8   7.3   6.4   8.4   i RANDEGGI
   5.7   5.8   6.3   5.6   7.7   3.8   o BOBI
   7.5   7.5   8.2   7.5   9.4   8.4   7.6   u KUMBASHI
   8.2   8.1   9.0   8.1  10.1   9.1   8.0   a KAKIHUM
   8.2   8.3   9.1   8.2  10.2   9.3   8.1   e KARISEN


   u KUMBASHI
   2.0   a KAKIHUM
   2.9   3.2   e KARISEN




\cm TALLY MATRIX

   c CINDA
   188   r REGI
   196   187   k KUKI
   131   131   133   s SHAMA
    78    78    80   108   h HUNGWORO
    91    88    91    97    67   i RANDEGGI
   104   102   102   108    66   156   o BOBI
    32    32    32    34    27    35    35   u KUMBASHI
    34    33    32    35    28    37    37   a KAKIHUM
    32    30    31    32    27    33    31   e KARISEN


   u KUMBASHI
   200   a KAKIHUM
   184   186   e KARISEN




\cm N (TOTAL) MATRIX

   c CINDA
   210   r REGI
   206   205   k KUKI
   206   206   201   s SHAMA
   157   157   155   156   h HUNGWORO
   186   186   184   186   153   i RANDEGGI
   208   208   203   206   158   189   o BOBI
   201   201   196   200   154   183   200   u KUMBASHI
   203   203   198   202   155   185   202   a KAKIHUM
   202   202   198   200   154   183   202   e KARISEN


   u KUMBASHI
   210   a KAKIHUM
   206   208   e KARISEN




\cm DEGREES DIFF MATRIX

   c CINDA
   274   r REGI
   254   225   k KUKI
   203   201   174   s SHAMA
   148   150   142   160   h HUNGWORO
   203   179   187   177   120   i RANDEGGI
   224   184   193   179   136   226   o BOBI
    83    84    81    83    70    95    88   u KUMBASHI
    86    84    81    83    67   103    98   a KAKIHUM
    78    75    74    76    61    87    76   e KARISEN


   u KUMBASHI
   211   a KAKIHUM
   218   201   e KARISEN




\cm CORRESPONDENCES MATRIX

   c CINDA
   840   r REGI
   869   784   k KUKI
   570   541   536   s SHAMA
   342   329   333   427   h HUNGWORO
   406   375   389   387   269   i RANDEGGI
   454   418   416   417   262   661   o BOBI
   139   137   135   136   119   155   149   u KUMBASHI
   150   142   138   139   120   168   162   a KAKIHUM
   138   127   130   127   111   145   130   e KARISEN


   u KUMBASHI
   889   a KAKIHUM
   812   834   e KARISEN




\cm RATIO MATRIX

   c CINDA
    33   r REGI
    29    29   k KUKI
    36    37    32   s SHAMA
    43    46    43    37   h HUNGWORO
    50    48    48    46    45   i RANDEGGI
    49    44    46    43    52    34   o BOBI
    60    61    60    61    59    61    59   u KUMBASHI
    57    59    59    60    56    61    60   a KAKIHUM
    57    59    57    60    55    60    58   e KARISEN


   u KUMBASHI
    24   a KAKIHUM
    27    24   e KARISEN




